Using pre-set license
Built from '2020.3/staging' branch; Version is '2020.3.23f1 (c5d91304a876) revision 12966163'; Using compiler version '192528614'; Build Type 'Release'
OS: 'Windows 10 Home Single Language; OS build 19043.1348; Version 2009; 64bit' Language: 'tr' Physical Memory: 16220 MB
BatchMode: 1, IsHumanControllingUs: 0, StartBugReporterOnCrash: 0, Is64bit: 1, IsPro: 0

COMMAND LINE ARGUMENTS:
C:\Program Files\Unity\Hub\Editor\2020.3.23f1\Editor\Unity.exe
-adb2
-batchMode
-noUpm
-name
AssetImportWorker0
-projectPath
C:/Users/erayb/Desktop/Repos/Unity Projects/Lerning-cg-shaders-in-Unity
-logFile
Logs/AssetImportWorker0.log
-srvPort
53703
Successfully changed project path to: C:/Users/erayb/Desktop/Repos/Unity Projects/Lerning-cg-shaders-in-Unity
C:/Users/erayb/Desktop/Repos/Unity Projects/Lerning-cg-shaders-in-Unity
Using Asset Import Pipeline V2.
Refreshing native plugins compatible for Editor in 26.93 ms, found 2 plugins.
Preloading 0 native plugins for Editor in 0.00 ms.
Initialize engine version: 2020.3.23f1 (c5d91304a876)
[Subsystems] Discovering subsystems at path C:/Program Files/Unity/Hub/Editor/2020.3.23f1/Editor/Data/Resources/UnitySubsystems
[Subsystems] Discovering subsystems at path C:/Users/erayb/Desktop/Repos/Unity Projects/Lerning-cg-shaders-in-Unity/Assets
GfxDevice: creating device client; threaded=0
Direct3D:
    Version:  Direct3D 11.0 [level 11.1]
    Renderer: NVIDIA GeForce RTX 2060 (ID=0x1f15)
    Vendor:   
    VRAM:     5980 MB
    Driver:   30.0.14.9709
Initialize mono
Mono path[0] = 'C:/Program Files/Unity/Hub/Editor/2020.3.23f1/Editor/Data/Managed'
Mono path[1] = 'C:/Program Files/Unity/Hub/Editor/2020.3.23f1/Editor/Data/MonoBleedingEdge/lib/mono/unityjit'
Mono config path = 'C:/Program Files/Unity/Hub/Editor/2020.3.23f1/Editor/Data/MonoBleedingEdge/etc'
Using monoOptions --debugger-agent=transport=dt_socket,embedding=1,server=y,suspend=n,address=127.0.0.1:56208
Begin MonoManager ReloadAssembly
Registering precompiled unity dll's ...
Register platform support module: C:/Program Files/Unity/Hub/Editor/2020.3.23f1/Editor/Data/PlaybackEngines/WebGLSupport/UnityEditor.WebGL.Extensions.dll
Register platform support module: C:/Program Files/Unity/Hub/Editor/2020.3.23f1/Editor/Data/PlaybackEngines/WindowsStandaloneSupport/UnityEditor.WindowsStandalone.Extensions.dll
Registered in 0.002248 seconds.
Native extension for WindowsStandalone target not found
Native extension for WebGL target not found
Refreshing native plugins compatible for Editor in 26.64 ms, found 2 plugins.
Preloading 0 native plugins for Editor in 0.00 ms.
Mono: successfully reloaded assembly
- Completed reload, in  0.482 seconds
Domain Reload Profiling:
	ReloadAssembly (482ms)
		BeginReloadAssembly (45ms)
			ExecutionOrderSort (0ms)
			DisableScriptedObjects (0ms)
			BackupInstance (0ms)
			ReleaseScriptingObjects (0ms)
			CreateAndSetChildDomain (1ms)
		EndReloadAssembly (374ms)
			LoadAssemblies (43ms)
			RebuildTransferFunctionScriptingTraits (0ms)
			SetupTypeCache (125ms)
			ReleaseScriptCaches (0ms)
			RebuildScriptCaches (26ms)
			SetupLoadedEditorAssemblies (132ms)
				LogAssemblyErrors (0ms)
				InitializePlatformSupportModulesInManaged (4ms)
				SetLoadedEditorAssemblies (0ms)
				RefreshPlugins (27ms)
				BeforeProcessingInitializeOnLoad (11ms)
				ProcessInitializeOnLoadAttributes (67ms)
				ProcessInitializeOnLoadMethodAttributes (22ms)
				AfterProcessingInitializeOnLoad (0ms)
				EditorAssembliesLoaded (0ms)
			ExecutionOrderSort2 (0ms)
			AwakeInstancesAfterBackupRestoration (0ms)
Platform modules already initialized, skipping
Registering precompiled user dll's ...
Registered in 0.003939 seconds.
Begin MonoManager ReloadAssembly
Native extension for WindowsStandalone target not found
Native extension for WebGL target not found
Refreshing native plugins compatible for Editor in 0.28 ms, found 2 plugins.
Preloading 0 native plugins for Editor in 0.00 ms.
Mono: successfully reloaded assembly
- Completed reload, in  0.837 seconds
Domain Reload Profiling:
	ReloadAssembly (838ms)
		BeginReloadAssembly (120ms)
			ExecutionOrderSort (0ms)
			DisableScriptedObjects (4ms)
			BackupInstance (0ms)
			ReleaseScriptingObjects (0ms)
			CreateAndSetChildDomain (15ms)
		EndReloadAssembly (664ms)
			LoadAssemblies (71ms)
			RebuildTransferFunctionScriptingTraits (0ms)
			SetupTypeCache (234ms)
			ReleaseScriptCaches (0ms)
			RebuildScriptCaches (34ms)
			SetupLoadedEditorAssemblies (246ms)
				LogAssemblyErrors (0ms)
				InitializePlatformSupportModulesInManaged (5ms)
				SetLoadedEditorAssemblies (1ms)
				RefreshPlugins (0ms)
				BeforeProcessingInitializeOnLoad (76ms)
				ProcessInitializeOnLoadAttributes (151ms)
				ProcessInitializeOnLoadMethodAttributes (7ms)
				AfterProcessingInitializeOnLoad (6ms)
				EditorAssembliesLoaded (0ms)
			ExecutionOrderSort2 (0ms)
			AwakeInstancesAfterBackupRestoration (5ms)
Platform modules already initialized, skipping
========================================================================
Worker process is ready to serve import requests
Launched and connected shader compiler UnityShaderCompiler.exe after 0.08 seconds
Refreshing native plugins compatible for Editor in 0.29 ms, found 2 plugins.
Preloading 0 native plugins for Editor in 0.00 ms.
Unloading 1505 Unused Serialized files (Serialized files now loaded: 0)
System memory in use before: 68.3 MB.
System memory in use after: 68.4 MB.

Unloading 19 unused Assets to reduce memory usage. Loaded Objects now: 1937.
Total: 2.069500 ms (FindLiveObjects: 0.133800 ms CreateObjectMapping: 0.045100 ms MarkObjects: 1.842500 ms  DeleteObjects: 0.047500 ms)

AssetImportParameters requested are different than current active one (requested -> active):
  custom:framework-win-MediaFoundation: 216162199b28c13a410421893ffa2e32 -> 
  custom:video-decoder-ogg-theora: a1e56fd34408186e4bbccfd4996cb3dc -> 
  custom:container-muxer-webm: aa71ff27fc2769a1b78a27578f13a17b -> 
  custom:container-demuxer-webm: 4f35f7cbe854078d1ac9338744f61a02 -> 
  custom:container-demuxer-ogg: 62fdf1f143b41e24485cea50d1cbac27 -> 
  custom:video-encoder-webm-vp8: eb34c28f22e8b96e1ab97ce403110664 -> 
  custom:video-decoder-webm-vp8: 9c59270c3fd7afecdb556c50c9e8de78 -> 
  custom:audio-decoder-ogg-vorbis: bf7c407c2cedff20999df2af8eb42d56 -> 
  custom:audio-encoder-webm-vorbis: bf7c407c2cedff20999df2af8eb42d56 -> 
========================================================================
Received Import Request.
  path: Assets/Shaders/3-Debugging shaders
  artifactKey: Guid(ad1a65465f4149e5a4020f1651cf9f68) Importer(815301076,1909f56bfc062723c751e8b465ee728b)
Start importing Assets/Shaders/3-Debugging shaders using Guid(ad1a65465f4149e5a4020f1651cf9f68) Importer(815301076,1909f56bfc062723c751e8b465ee728b)  -> (artifact id: 'fe97195cf8b4c1c0f5f0c92bb41514f1') in 0.004623 seconds 
  Import took 0.006542 seconds .

========================================================================
Received Import Request.
  Time since last request: 3.466291 seconds.
  path: Assets/Shaders/2-Coloring shaders/HSV cylinder.shader
  artifactKey: Guid(0c68991bb924b9446b14713b1438f785) Importer(815301076,1909f56bfc062723c751e8b465ee728b)
Start importing Assets/Shaders/2-Coloring shaders/HSV cylinder.shader using Guid(0c68991bb924b9446b14713b1438f785) Importer(815301076,1909f56bfc062723c751e8b465ee728b)  -> (artifact id: '20a2f9493541b3bf9ad6aced8967e192') in 0.019872 seconds 
  Import took 0.022003 seconds .

========================================================================
Received Import Request.
  Time since last request: 1.416490 seconds.
  path: Assets/Materials
  artifactKey: Guid(bb60253789b93eb4a8715a939bbf6754) Importer(815301076,1909f56bfc062723c751e8b465ee728b)
Start importing Assets/Materials using Guid(bb60253789b93eb4a8715a939bbf6754) Importer(815301076,1909f56bfc062723c751e8b465ee728b)  -> (artifact id: '95984f41cf3b756054f18259df5a289a') in 0.003321 seconds 
  Import took 0.005290 seconds .

========================================================================
Received Import Request.
  Time since last request: 3.027610 seconds.
  path: Assets/Materials/3-Debugging shaders
  artifactKey: Guid(5c6c0ffbada623c4096d5e495a5a39b3) Importer(815301076,1909f56bfc062723c751e8b465ee728b)
Start importing Assets/Materials/3-Debugging shaders using Guid(5c6c0ffbada623c4096d5e495a5a39b3) Importer(815301076,1909f56bfc062723c751e8b465ee728b)  -> (artifact id: 'c3f59d9d02fc16d962110e924c00a6db') in 0.002137 seconds 
  Import took 0.004405 seconds .

========================================================================
Received Import Request.
  Time since last request: 0.030763 seconds.
  path: Assets/Materials/1-Minimal shader
  artifactKey: Guid(97d466f3e499d004694d3df4a9b1be76) Importer(815301076,1909f56bfc062723c751e8b465ee728b)
Start importing Assets/Materials/1-Minimal shader using Guid(97d466f3e499d004694d3df4a9b1be76) Importer(815301076,1909f56bfc062723c751e8b465ee728b)  -> (artifact id: '8358449272cbbbc7984dcdfaa0877efa') in 0.003328 seconds 
  Import took 0.005524 seconds .

========================================================================
Received Import Request.
  Time since last request: 23.084149 seconds.
  path: Assets/Prefabs
  artifactKey: Guid(89c9f8af57955e344b2ff3c94a8e5730) Importer(815301076,1909f56bfc062723c751e8b465ee728b)
Start importing Assets/Prefabs using Guid(89c9f8af57955e344b2ff3c94a8e5730) Importer(815301076,1909f56bfc062723c751e8b465ee728b)  -> (artifact id: 'fb86e02b90ce23e1fe6ff7526e79ca95') in 0.011619 seconds 
  Import took 0.014061 seconds .

========================================================================
Received Import Request.
  Time since last request: 3.524560 seconds.
  path: Assets/Prefabs/3-Debugging shaders
  artifactKey: Guid(0957705f71158a4429917d5b06816605) Importer(815301076,1909f56bfc062723c751e8b465ee728b)
Start importing Assets/Prefabs/3-Debugging shaders using Guid(0957705f71158a4429917d5b06816605) Importer(815301076,1909f56bfc062723c751e8b465ee728b)  -> (artifact id: '90a9fe5bfce0fae0c887754910afc5cc') in 0.002322 seconds 
  Import took 0.004681 seconds .

========================================================================
Received Import Request.
  Time since last request: 639.461596 seconds.
  path: Assets/Shaders/1-Minimal shader
  artifactKey: Guid(86e046cd6e4145244bca225c8754150d) Importer(815301076,1909f56bfc062723c751e8b465ee728b)
Start importing Assets/Shaders/1-Minimal shader using Guid(86e046cd6e4145244bca225c8754150d) Importer(815301076,1909f56bfc062723c751e8b465ee728b)  -> (artifact id: '562e984ccd10ca3b66c3d4cc934dbe45') in 0.002779 seconds 
  Import took 0.005723 seconds .

========================================================================
Received Import Request.
  Time since last request: 6.828412 seconds.
  path: Assets/Prefabs/3-Debugging shaders/All built-in vertex shaders cube.prefab
  artifactKey: Guid(3a3dadd2439b72a45aee94b74e1f4923) Importer(815301076,1909f56bfc062723c751e8b465ee728b)
Start importing Assets/Prefabs/3-Debugging shaders/All built-in vertex shaders cube.prefab using Guid(3a3dadd2439b72a45aee94b74e1f4923) Importer(815301076,1909f56bfc062723c751e8b465ee728b)  -> (artifact id: '8e339d952b9d07c7e2187f0d84563f73') in 0.069024 seconds 
  Import took 0.071237 seconds .

========================================================================
Received Import Request.
  Time since last request: 2.784635 seconds.
  path: Assets/Prefabs/1-Minimal shader
  artifactKey: Guid(5a516cb91070fb54091df6998325da91) Importer(815301076,1909f56bfc062723c751e8b465ee728b)
Start importing Assets/Prefabs/1-Minimal shader using Guid(5a516cb91070fb54091df6998325da91) Importer(815301076,1909f56bfc062723c751e8b465ee728b)  -> (artifact id: 'a0da4855ca96bcddc4d652f8c04b5ed8') in 0.002448 seconds 
  Import took 0.004671 seconds .

========================================================================
Received Import Request.
  Time since last request: 6.715274 seconds.
  path: Assets/Prefabs/1-Minimal shader objs
  artifactKey: Guid(5a516cb91070fb54091df6998325da91) Importer(815301076,1909f56bfc062723c751e8b465ee728b)
Start importing Assets/Prefabs/1-Minimal shader objs using Guid(5a516cb91070fb54091df6998325da91) Importer(815301076,1909f56bfc062723c751e8b465ee728b)  -> (artifact id: '8723cbd256c10e5f564eff34bbf52697') in 0.004102 seconds 
  Import took 0.007201 seconds .

========================================================================
Received Import Request.
  Time since last request: 6.018005 seconds.
  path: Assets/Prefabs/2-Coloring shaders objs
  artifactKey: Guid(d690a99f1f6799c4f8e279daa24a6725) Importer(815301076,1909f56bfc062723c751e8b465ee728b)
Start importing Assets/Prefabs/2-Coloring shaders objs using Guid(d690a99f1f6799c4f8e279daa24a6725) Importer(815301076,1909f56bfc062723c751e8b465ee728b)  -> (artifact id: 'e04e706d7451e86f8a777c57b3d32b69') in 0.003236 seconds 
  Import took 0.005678 seconds .

========================================================================
Received Import Request.
  Time since last request: 4.856808 seconds.
  path: Assets/Prefabs/3-Debugging shaders objs
  artifactKey: Guid(0957705f71158a4429917d5b06816605) Importer(815301076,1909f56bfc062723c751e8b465ee728b)
Start importing Assets/Prefabs/3-Debugging shaders objs using Guid(0957705f71158a4429917d5b06816605) Importer(815301076,1909f56bfc062723c751e8b465ee728b)  -> (artifact id: '30d7f8d297d46f0518263329ead65756') in 0.003644 seconds 
  Import took 0.013929 seconds .

AssetImportWorkerClient::OnTransportError - code=2 error=End of file
